<?xml version="1.0" encoding="UTF-8"?>
<!-- Generated by org.testng.reporters.JUnitReportReporter -->
<testsuite hostname="LAPTOP-NO7ESUVE" failures="0" tests="2" name="com.qa.opencart.tests.LoginPageTest" time="0.111" errors="0" timestamp="2025-03-10T16:37:56 EDT" skipped="1">
  <testcase classname="com.qa.opencart.tests.LoginPageTest" name="loginPageURLTest" time="0.111"/>
  <system-out/>
  <testcase classname="com.qa.opencart.tests.LoginPageTest" name="naveentest">
    <skipped/>
  </testcase> <!-- naveentest -->
  <system-out/>
</testsuite> <!-- com.qa.opencart.tests.LoginPageTest -->
