<?xml version="1.0" encoding="UTF-8"?>
<!-- Generated by org.testng.reporters.JUnitReportReporter -->
<testsuite hostname="LAPTOP-NO7ESUVE" failures="0" tests="6" name="com.qa.opencart.tests.LoginPageTest" time="1.192" errors="0" timestamp="2025-10-26T18:15:20 EDT" skipped="1">
  <testcase classname="com.qa.opencart.tests.LoginPageTest" name="loginPageTitleTest" time="0.040"/>
  <system-out/>
  <testcase classname="com.qa.opencart.tests.LoginPageTest" name="forgotPwdLinkExistTest" time="0.094"/>
  <system-out/>
  <testcase classname="com.qa.opencart.tests.LoginPageTest" name="logoExistTest" time="0.035"/>
  <system-out/>
  <testcase classname="com.qa.opencart.tests.LoginPageTest" name="loginPageURLTest" time="0.024"/>
  <system-out/>
  <testcase classname="com.qa.opencart.tests.LoginPageTest" name="loginTest" time="0.999"/>
  <system-out/>
  <testcase classname="com.qa.opencart.tests.LoginPageTest" name="naveentest">
    <skipped/>
  </testcase> <!-- naveentest -->
  <system-out/>
</testsuite> <!-- com.qa.opencart.tests.LoginPageTest -->
